2019-09-07 08:55:14
Full thread dump Java HotSpot(TM) 64-Bit Server VM (25.172-b11 mixed mode):

"RMI TCP Connection(idle)" #35 daemon prio=9 os_prio=0 tid=0x00007fcd9c002800 nid=0x5e5f waiting on condition [0x00007fcdee0d1000]
   java.lang.Thread.State: TIMED_WAITING (parking)
	at sun.misc.Unsafe.park(Native Method)
	- parking to wait for  <0x000000076d2393b0> (a java.util.concurrent.SynchronousQueue$TransferStack)
	at java.util.concurrent.locks.LockSupport.parkNanos(LockSupport.java:215)
	at java.util.concurrent.SynchronousQueue$TransferStack.awaitFulfill(SynchronousQueue.java:460)
	at java.util.concurrent.SynchronousQueue$TransferStack.transfer(SynchronousQueue.java:362)
	at java.util.concurrent.SynchronousQueue.poll(SynchronousQueue.java:941)
	at java.util.concurrent.ThreadPoolExecutor.getTask(ThreadPoolExecutor.java:1073)
	at java.util.concurrent.ThreadPoolExecutor.runWorker(ThreadPoolExecutor.java:1134)
	at java.util.concurrent.ThreadPoolExecutor$Worker.run(ThreadPoolExecutor.java:624)
	at java.lang.Thread.run(Thread.java:748)

   Locked ownable synchronizers:
	- None

"RMI Scheduler(0)" #16 daemon prio=9 os_prio=0 tid=0x00007fcda0012800 nid=0x592a waiting on condition [0x00007fcdee2d3000]
   java.lang.Thread.State: TIMED_WAITING (parking)
	at sun.misc.Unsafe.park(Native Method)
	- parking to wait for  <0x000000076d260798> (a java.util.concurrent.locks.AbstractQueuedSynchronizer$ConditionObject)
	at java.util.concurrent.locks.LockSupport.parkNanos(LockSupport.java:215)
	at java.util.concurrent.locks.AbstractQueuedSynchronizer$ConditionObject.awaitNanos(AbstractQueuedSynchronizer.java:2078)
	at java.util.concurrent.ScheduledThreadPoolExecutor$DelayedWorkQueue.take(ScheduledThreadPoolExecutor.java:1093)
	at java.util.concurrent.ScheduledThreadPoolExecutor$DelayedWorkQueue.take(ScheduledThreadPoolExecutor.java:809)
	at java.util.concurrent.ThreadPoolExecutor.getTask(ThreadPoolExecutor.java:1074)
	at java.util.concurrent.ThreadPoolExecutor.runWorker(ThreadPoolExecutor.java:1134)
	at java.util.concurrent.ThreadPoolExecutor$Worker.run(ThreadPoolExecutor.java:624)
	at java.lang.Thread.run(Thread.java:748)

   Locked ownable synchronizers:
	- None

"RMI TCP Accept-0" #14 daemon prio=9 os_prio=0 tid=0x00007fcda8143000 nid=0x5916 runnable [0x00007fcdee4d5000]
   java.lang.Thread.State: RUNNABLE
	at java.net.PlainSocketImpl.socketAccept(Native Method)
	at java.net.AbstractPlainSocketImpl.accept(AbstractPlainSocketImpl.java:409)
	at java.net.ServerSocket.implAccept(ServerSocket.java:545)
	at java.net.ServerSocket.accept(ServerSocket.java:513)
	at sun.management.jmxremote.LocalRMIServerSocketFactory$1.accept(LocalRMIServerSocketFactory.java:52)
	at sun.rmi.transport.tcp.TCPTransport$AcceptLoop.executeAcceptLoop(TCPTransport.java:405)
	at sun.rmi.transport.tcp.TCPTransport$AcceptLoop.run(TCPTransport.java:377)
	at java.lang.Thread.run(Thread.java:748)

   Locked ownable synchronizers:
	- None

"Attach Listener" #12 daemon prio=9 os_prio=0 tid=0x00007fcdc8001000 nid=0x5915 waiting on condition [0x0000000000000000]
   java.lang.Thread.State: RUNNABLE

   Locked ownable synchronizers:
	- None

"DestroyJavaVM" #11 prio=5 os_prio=0 tid=0x00007fce0400b000 nid=0x5841 waiting on condition [0x0000000000000000]
   java.lang.Thread.State: RUNNABLE

   Locked ownable synchronizers:
	- None

"Thread-1" #10 prio=5 os_prio=0 tid=0x00007fce040e8000 nid=0x5850 waiting for monitor entry [0x00007fcdeef12000]
   java.lang.Thread.State: BLOCKED (on object monitor)
	at DeadlockProgram$DeadlockRunnable.run(DeadlockProgram.java:34)
	- waiting to lock <0x000000076c75c3b8> (a java.lang.Object)
	- locked <0x000000076c75c3c8> (a java.lang.Object)
	at java.lang.Thread.run(Thread.java:748)

   Locked ownable synchronizers:
	- None

"Thread-0" #9 prio=5 os_prio=0 tid=0x00007fce040e7000 nid=0x584f waiting for monitor entry [0x00007fcdef013000]
   java.lang.Thread.State: BLOCKED (on object monitor)
	at DeadlockProgram$DeadlockRunnable.run(DeadlockProgram.java:34)
	- waiting to lock <0x000000076c75c3c8> (a java.lang.Object)
	- locked <0x000000076c75c3b8> (a java.lang.Object)
	at java.lang.Thread.run(Thread.java:748)

   Locked ownable synchronizers:
	- None

"Service Thread" #8 daemon prio=9 os_prio=0 tid=0x00007fce040c9000 nid=0x584d runnable [0x0000000000000000]
   java.lang.Thread.State: RUNNABLE

   Locked ownable synchronizers:
	- None

"C1 CompilerThread2" #7 daemon prio=9 os_prio=0 tid=0x00007fce040be000 nid=0x584c waiting on condition [0x0000000000000000]
   java.lang.Thread.State: RUNNABLE

   Locked ownable synchronizers:
	- None

"C2 CompilerThread1" #6 daemon prio=9 os_prio=0 tid=0x00007fce040bc800 nid=0x584b waiting on condition [0x0000000000000000]
   java.lang.Thread.State: RUNNABLE

   Locked ownable synchronizers:
	- None

"C2 CompilerThread0" #5 daemon prio=9 os_prio=0 tid=0x00007fce040b9800 nid=0x584a waiting on condition [0x0000000000000000]
   java.lang.Thread.State: RUNNABLE

   Locked ownable synchronizers:
	- None

"Signal Dispatcher" #4 daemon prio=9 os_prio=0 tid=0x00007fce040b8000 nid=0x5849 runnable [0x0000000000000000]
   java.lang.Thread.State: RUNNABLE

   Locked ownable synchronizers:
	- None

"Finalizer" #3 daemon prio=8 os_prio=0 tid=0x00007fce04085000 nid=0x5848 in Object.wait() [0x00007fcdef9f8000]
   java.lang.Thread.State: WAITING (on object monitor)
	at java.lang.Object.wait(Native Method)
	- waiting on <0x000000076c708ed0> (a java.lang.ref.ReferenceQueue$Lock)
	at java.lang.ref.ReferenceQueue.remove(ReferenceQueue.java:144)
	- locked <0x000000076c708ed0> (a java.lang.ref.ReferenceQueue$Lock)
	at java.lang.ref.ReferenceQueue.remove(ReferenceQueue.java:165)
	at java.lang.ref.Finalizer$FinalizerThread.run(Finalizer.java:216)

   Locked ownable synchronizers:
	- None

"Reference Handler" #2 daemon prio=10 os_prio=0 tid=0x00007fce04082800 nid=0x5847 in Object.wait() [0x00007fcdefaf9000]
   java.lang.Thread.State: WAITING (on object monitor)
	at java.lang.Object.wait(Native Method)
	- waiting on <0x000000076c706bf8> (a java.lang.ref.Reference$Lock)
	at java.lang.Object.wait(Object.java:502)
	at java.lang.ref.Reference.tryHandlePending(Reference.java:191)
	- locked <0x000000076c706bf8> (a java.lang.ref.Reference$Lock)
	at java.lang.ref.Reference$ReferenceHandler.run(Reference.java:153)

   Locked ownable synchronizers:
	- None

"VM Thread" os_prio=0 tid=0x00007fce04079000 nid=0x5846 runnable 

"GC task thread#0 (ParallelGC)" os_prio=0 tid=0x00007fce04020800 nid=0x5842 runnable 

"GC task thread#1 (ParallelGC)" os_prio=0 tid=0x00007fce04022800 nid=0x5843 runnable 

"GC task thread#2 (ParallelGC)" os_prio=0 tid=0x00007fce04024000 nid=0x5844 runnable 

"GC task thread#3 (ParallelGC)" os_prio=0 tid=0x00007fce04026000 nid=0x5845 runnable 

"VM Periodic Task Thread" os_prio=0 tid=0x00007fce040ce000 nid=0x584e waiting on condition 

JNI global references: 341


Found one Java-level deadlock:
=============================
"Thread-1":
  waiting to lock monitor 0x00007fcdcc006528 (object 0x000000076c75c3b8, a java.lang.Object),
  which is held by "Thread-0"
"Thread-0":
  waiting to lock monitor 0x00007fcdcc003a88 (object 0x000000076c75c3c8, a java.lang.Object),
  which is held by "Thread-1"

Java stack information for the threads listed above:
===================================================
"Thread-1":
	at DeadlockProgram$DeadlockRunnable.run(DeadlockProgram.java:34)
	- waiting to lock <0x000000076c75c3b8> (a java.lang.Object)
	- locked <0x000000076c75c3c8> (a java.lang.Object)
	at java.lang.Thread.run(Thread.java:748)
"Thread-0":
	at DeadlockProgram$DeadlockRunnable.run(DeadlockProgram.java:34)
	- waiting to lock <0x000000076c75c3c8> (a java.lang.Object)
	- locked <0x000000076c75c3b8> (a java.lang.Object)
	at java.lang.Thread.run(Thread.java:748)

Found 1 deadlock.

