2019-05-12 04:12:53
Full thread dump Java HotSpot(TM) 64-Bit Server VM (25.101-b13 mixed mode):

"DestroyJavaVM" #13 prio=5 os_prio=0 tid=0x0000000001daf000 nid=0x23d4 waiting on condition [0x0000000000000000]
   java.lang.Thread.State: RUNNABLE

   Locked ownable synchronizers:
	- None

"Thread-1" #12 prio=5 os_prio=0 tid=0x000000001d51f000 nid=0x25f4 waiting for monitor entry [0x000000001ee4f000]
   java.lang.Thread.State: BLOCKED (on object monitor)
	at com.guptae.sampleprograms.DeadlockProgram$DeadlockRunnable.run(DeadlockProgram.java:36)
	- waiting to lock <0x000000076ab67718> (a java.lang.Object)
	- locked <0x000000076ab67728> (a java.lang.Object)
	at java.lang.Thread.run(Unknown Source)

   Locked ownable synchronizers:
	- None

"Thread-0" #11 prio=5 os_prio=0 tid=0x000000001d51d800 nid=0x249c waiting for monitor entry [0x000000001f62f000]
   java.lang.Thread.State: BLOCKED (on object monitor)
	at com.guptae.sampleprograms.DeadlockProgram$DeadlockRunnable.run(DeadlockProgram.java:36)
	- waiting to lock <0x000000076ab67728> (a java.lang.Object)
	- locked <0x000000076ab67718> (a java.lang.Object)
	at java.lang.Thread.run(Unknown Source)

   Locked ownable synchronizers:
	- None

"Service Thread" #10 daemon prio=9 os_prio=0 tid=0x000000001d4ff800 nid=0x1e58 runnable [0x0000000000000000]
   java.lang.Thread.State: RUNNABLE

   Locked ownable synchronizers:
	- None

"C1 CompilerThread3" #9 daemon prio=9 os_prio=2 tid=0x000000001d49e800 nid=0x21a0 waiting on condition [0x0000000000000000]
   java.lang.Thread.State: RUNNABLE

   Locked ownable synchronizers:
	- None

"C2 CompilerThread2" #8 daemon prio=9 os_prio=2 tid=0x000000001d47a800 nid=0x25b4 waiting on condition [0x0000000000000000]
   java.lang.Thread.State: RUNNABLE

   Locked ownable synchronizers:
	- None

"C2 CompilerThread1" #7 daemon prio=9 os_prio=2 tid=0x000000001d46b800 nid=0x1a00 waiting on condition [0x0000000000000000]
   java.lang.Thread.State: RUNNABLE

   Locked ownable synchronizers:
	- None

"C2 CompilerThread0" #6 daemon prio=9 os_prio=2 tid=0x000000001d464000 nid=0x1f10 waiting on condition [0x0000000000000000]
   java.lang.Thread.State: RUNNABLE

   Locked ownable synchronizers:
	- None

"Attach Listener" #5 daemon prio=5 os_prio=2 tid=0x000000001d460800 nid=0x2610 waiting on condition [0x0000000000000000]
   java.lang.Thread.State: RUNNABLE

   Locked ownable synchronizers:
	- None

"Signal Dispatcher" #4 daemon prio=9 os_prio=2 tid=0x000000001d45f800 nid=0x17f0 runnable [0x0000000000000000]
   java.lang.Thread.State: RUNNABLE

   Locked ownable synchronizers:
	- None

"Finalizer" #3 daemon prio=8 os_prio=1 tid=0x000000001c3b0800 nid=0x22e8 in Object.wait() [0x000000001e96e000]
   java.lang.Thread.State: WAITING (on object monitor)
	at java.lang.Object.wait(Native Method)
	- waiting on <0x000000076ab08ee0> (a java.lang.ref.ReferenceQueue$Lock)
	at java.lang.ref.ReferenceQueue.remove(Unknown Source)
	- locked <0x000000076ab08ee0> (a java.lang.ref.ReferenceQueue$Lock)
	at java.lang.ref.ReferenceQueue.remove(Unknown Source)
	at java.lang.ref.Finalizer$FinalizerThread.run(Unknown Source)

   Locked ownable synchronizers:
	- None

"Reference Handler" #2 daemon prio=10 os_prio=2 tid=0x000000001c3a8800 nid=0x21c0 in Object.wait() [0x000000001e7be000]
   java.lang.Thread.State: WAITING (on object monitor)
	at java.lang.Object.wait(Native Method)
	- waiting on <0x000000076ab06b50> (a java.lang.ref.Reference$Lock)
	at java.lang.Object.wait(Unknown Source)
	at java.lang.ref.Reference.tryHandlePending(Unknown Source)
	- locked <0x000000076ab06b50> (a java.lang.ref.Reference$Lock)
	at java.lang.ref.Reference$ReferenceHandler.run(Unknown Source)

   Locked ownable synchronizers:
	- None

"VM Thread" os_prio=2 tid=0x000000001d412800 nid=0x27a4 runnable 

"GC task thread#0 (ParallelGC)" os_prio=0 tid=0x0000000001e2c000 nid=0x27f0 runnable 

"GC task thread#1 (ParallelGC)" os_prio=0 tid=0x0000000001e2d800 nid=0x209c runnable 

"GC task thread#2 (ParallelGC)" os_prio=0 tid=0x0000000001e2f000 nid=0x148c runnable 

"GC task thread#3 (ParallelGC)" os_prio=0 tid=0x0000000001e32800 nid=0x2608 runnable 

"GC task thread#4 (ParallelGC)" os_prio=0 tid=0x0000000001e34000 nid=0x2258 runnable 

"GC task thread#5 (ParallelGC)" os_prio=0 tid=0x0000000001e35000 nid=0x2664 runnable 

"GC task thread#6 (ParallelGC)" os_prio=0 tid=0x0000000001e36000 nid=0x578 runnable 

"GC task thread#7 (ParallelGC)" os_prio=0 tid=0x0000000001e39800 nid=0x248c runnable 

"VM Periodic Task Thread" os_prio=2 tid=0x000000001d50e800 nid=0x2760 waiting on condition 

JNI global references: 5


Found one Java-level deadlock:
=============================
"Thread-1":
  waiting to lock monitor 0x000000001c3afce8 (object 0x000000076ab67718, a java.lang.Object),
  which is held by "Thread-0"
"Thread-0":
  waiting to lock monitor 0x000000001c3ad248 (object 0x000000076ab67728, a java.lang.Object),
  which is held by "Thread-1"

Java stack information for the threads listed above:
===================================================
"Thread-1":
	at com.guptae.sampleprograms.DeadlockProgram$DeadlockRunnable.run(DeadlockProgram.java:36)
	- waiting to lock <0x000000076ab67718> (a java.lang.Object)
	- locked <0x000000076ab67728> (a java.lang.Object)
	at java.lang.Thread.run(Unknown Source)
"Thread-0":
	at com.guptae.sampleprograms.DeadlockProgram$DeadlockRunnable.run(DeadlockProgram.java:36)
	- waiting to lock <0x000000076ab67728> (a java.lang.Object)
	- locked <0x000000076ab67718> (a java.lang.Object)
	at java.lang.Thread.run(Unknown Source)

Found 1 deadlock.

